DiagnosticsPluginLauncher.exe Information: 0 : [29-Aug-17 13:27:54] At least one other instance of the launcher is running. Will wait until they all finish
DiagnosticsPluginLauncher.exe Information: 0 : [29-Aug-17 13:27:54] Service running in Emulator Mode, will not wait/kill other instances of the launcher
DiagnosticsPluginLauncher.exe Information: 0 : [29-Aug-17 13:27:54] Emulator config file set to c:\Users\v-vltosh\Documents\Visual Studio 2017\Projects\AzureWeatherMon90\AzureWeatherMon90\csx\Debug\roles\WeatherMonWorker\approot\diagnostics.wadcfgx
DiagnosticsPluginLauncher.exe Information: 0 : [29-Aug-17 13:27:54] DiagnosticsStoreRootPath set to: C:\Users\v-vltosh\AppData\Local\dftmp\Resources\c407fb78-7e55-4c3b-b066-eedb6c3ac4c9
DiagnosticsPluginLauncher.exe Information: 0 : [29-Aug-17 13:27:54] Loading config file: c:\Users\v-vltosh\Documents\Visual Studio 2017\Projects\AzureWeatherMon90\AzureWeatherMon90\csx\Debug\roles\WeatherMonWorker\approot\diagnostics.wadcfgx
DiagnosticsPluginLauncher.exe Information: 0 : [29-Aug-17 13:27:54] Config file to read: c:\Users\v-vltosh\Documents\Visual Studio 2017\Projects\AzureWeatherMon90\AzureWeatherMon90\csx\Debug\roles\WeatherMonWorker\approot\diagnostics.wadcfgx
DiagnosticsPluginLauncher.exe Information: 0 : [29-Aug-17 13:27:54] Checking VM Type
DiagnosticsPluginLauncher.exe Information: 0 : [29-Aug-17 13:27:54] Emulator config file set to c:\Users\v-vltosh\Documents\Visual Studio 2017\Projects\AzureWeatherMon90\AzureWeatherMon90\csx\Debug\roles\WeatherMonWorker\approot\diagnostics.wadcfgx
DiagnosticsPluginLauncher.exe Information: 0 : [29-Aug-17 13:27:54] Extension set to Emulator Mode
DiagnosticsPluginLauncher.exe Information: 0 : [29-Aug-17 13:27:54] Reading XML configuration file
DiagnosticsPluginLauncher.exe Information: 0 : [29-Aug-17 13:27:54] Bypassing private config decryption
DiagnosticsPluginLauncher.exe Information: 0 : [29-Aug-17 13:27:54] Stopping the running plugin, if any
DiagnosticsPluginLauncher.exe Information: 0 : [29-Aug-17 13:27:54] Found a MonAgentHost.exe. WadArguments: "c:\Users\v-vltosh\Documents\Visual Studio 2017\Projects\AzureWeatherMon90\AzureWeatherMon90\csx\Debug\roles\WeaherMonWeb\plugins\Diagnostics\Monitor\x64\MonAgentHost.exe" -LocalPath "C:\Users\v-vltosh\AppData\Local\dftmp\Resources\6ef4ed9b-d85a-4591-8f8e-ba8837159dce\WAD0105"  -ConfigFile "C:\Users\v-vltosh\AppData\Local\dftmp\Resources\6ef4ed9b-d85a-4591-8f8e-ba8837159dce\WAD0105\Configuration\MaConfig.xml" -ShutDownEvent WADDM-ShutDown-4feeca845b44449fa0cb1406b1b316da  -TotalShutDownEvent WADDM-TotalShutDown-4feeca845b44449fa0cb1406b1b316da -InitializedEvent WADM-StartUp-4feeca845b44449fa0cb1406b1b316da -parent 16912 -events -wadVer1v5 -UseProxyServer -XStoreAccounts WadAccount#true#devstoreaccount1#Eby8vdM02xNOcqFlqUwJPLlmEtlCDXJ1OUzFT50uSRZ6IFsuFq2UVErCz4I6tq/K1SZFPTOtr/KBHBeksoGMGw==#http://127.0.0.1:10002#http://127.0.0.1:10001#http://127.0.0.1:10000.
DiagnosticsPluginLauncher.exe Information: 0 : [29-Aug-17 13:27:55] Found a DiagnosticsPlugin.exe. WadArguments: "C:\Users\v-vltosh\Documents\Visual Studio 2017\Projects\AzureWeatherMon90\AzureWeatherMon90\csx\Debug\roles\WeaherMonWeb\plugins\Diagnostics\DiagnosticsPlugin.exe" DiagnosticPlugin-ShutdownEvent DiagnosticPlugin-TotalShutdownEvent -wadVer1v5.
DiagnosticsPluginLauncher.exe Information: 0 : [29-Aug-17 13:27:55] Loading config file: c:\Users\v-vltosh\Documents\Visual Studio 2017\Projects\AzureWeatherMon90\AzureWeatherMon90\csx\Debug\roles\WeatherMonWorker\approot\diagnostics.wadcfgx
DiagnosticsPluginLauncher.exe Information: 0 : [29-Aug-17 13:27:55] Config file to read: c:\Users\v-vltosh\Documents\Visual Studio 2017\Projects\AzureWeatherMon90\AzureWeatherMon90\csx\Debug\roles\WeatherMonWorker\approot\diagnostics.wadcfgx
DiagnosticsPluginLauncher.exe Information: 0 : [29-Aug-17 13:27:55] Reading XML configuration file
DiagnosticsPluginLauncher.exe Information: 0 : [29-Aug-17 13:27:55] Bypassing private config decryption
DiagnosticsPluginLauncher.exe Information: 0 : [29-Aug-17 13:27:55] Found a running wad2 MA not sharing the same local directory
DiagnosticsPluginLauncher.exe Information: 0 : [29-Aug-17 13:27:55] Killing any DiagnosticsPlugin that might remain.
DiagnosticsPluginLauncher.exe Information: 0 : [29-Aug-17 13:27:55] Found a DiagnosticsPlugin.exe. WadArguments: "C:\Users\v-vltosh\Documents\Visual Studio 2017\Projects\AzureWeatherMon90\AzureWeatherMon90\csx\Debug\roles\WeaherMonWeb\plugins\Diagnostics\DiagnosticsPlugin.exe" DiagnosticPlugin-ShutdownEvent DiagnosticPlugin-TotalShutdownEvent -wadVer1v5.
DiagnosticsPluginLauncher.exe Information: 0 : [29-Aug-17 13:28:55] Forcefully terminated DiagnosticsPlugin.exe process with pid 16912
DiagnosticsPluginLauncher.exe Information: 0 : [29-Aug-17 13:28:55] Killing any MonAgentHost that might remain.
DiagnosticsPluginLauncher.exe Information: 0 : [29-Aug-17 13:28:55] Diagnostics plugin stopped successfully
DiagnosticsPluginLauncher.exe Information: 0 : [29-Aug-17 13:28:55] Resetting DiagnosticPlugin
DiagnosticsPluginLauncher.exe Information: 0 : [29-Aug-17 13:30:05] DiagnosticsPlugin launched successfully with new configuration
DiagnosticsPluginLauncher.exe Information: 0 : [29-Aug-17 13:30:05] DiagnosticPlugin exited with code 0
