DiagnosticsPlugin.exe Information: 0 : [29-Aug-17 13:27:31] Starting DiagnosticPlugin.exe DiagnosticPlugin-ShutdownEvent DiagnosticPlugin-TotalShutdownEvent -wadVer1v5
DiagnosticsPlugin.exe Error: 0 : [29-Aug-17 13:27:31] Failed to save IIS Directory state
DiagnosticsPlugin.exe Error: 0 : [29-Aug-17 13:27:31] System.UnauthorizedAccessException: Filename: redirection.config
Error: Cannot read configuration file due to insufficient permissions


   at Microsoft.Web.Administration.Interop.IAppHostAdminManager.GetAdminSection(String bstrSectionName, String bstrPath)
   at Microsoft.Web.Administration.Configuration.GetSectionInternal(ConfigurationSection section, String sectionPath, String locationPath)
   at Microsoft.Web.Administration.ServerManager.SitesSectionCreator()
   at Microsoft.Web.Administration.Lazy.Initialize[T](T& target, CreateInstanceDelegate`1 valueFactory)
   at Microsoft.Web.Administration.ServerManager.SitesCollectionCreator()
   at Microsoft.Web.Administration.Lazy.Initialize[T](T& target, CreateInstanceDelegate`1 valueFactory)
   at Microsoft.Azure.Plugins.Plugin.DiagnosticsPluginManager.SaveIISDirectoryState()
DiagnosticsPlugin.exe Information: 0 : [29-Aug-17 13:27:31] Starting DiagnosticsPlugin
DiagnosticsPlugin.exe Information: 0 : [29-Aug-17 13:27:31] Emulator config file set to c:\Users\v-vltosh\Documents\Visual Studio 2017\Projects\AzureWeatherMon90\AzureWeatherMon90\csx\Debug\roles\WeaherMonWeb\approot\diagnostics.wadcfgx
DiagnosticsPlugin.exe Information: 0 : [29-Aug-17 13:27:31] DiagnosticsStoreRootPath set to: C:\Users\v-vltosh\AppData\Local\dftmp\Resources\6ef4ed9b-d85a-4591-8f8e-ba8837159dce
DiagnosticsPlugin.exe Information: 0 : [29-Aug-17 13:27:31] Loading config file: c:\Users\v-vltosh\Documents\Visual Studio 2017\Projects\AzureWeatherMon90\AzureWeatherMon90\csx\Debug\roles\WeaherMonWeb\approot\diagnostics.wadcfgx
DiagnosticsPlugin.exe Information: 0 : [29-Aug-17 13:27:31] Config file to read: c:\Users\v-vltosh\Documents\Visual Studio 2017\Projects\AzureWeatherMon90\AzureWeatherMon90\csx\Debug\roles\WeaherMonWeb\approot\diagnostics.wadcfgx
DiagnosticsPlugin.exe Information: 0 : [29-Aug-17 13:27:31] Checking VM Type
DiagnosticsPlugin.exe Information: 0 : [29-Aug-17 13:27:31] Emulator config file set to c:\Users\v-vltosh\Documents\Visual Studio 2017\Projects\AzureWeatherMon90\AzureWeatherMon90\csx\Debug\roles\WeaherMonWeb\approot\diagnostics.wadcfgx
DiagnosticsPlugin.exe Information: 0 : [29-Aug-17 13:27:31] Extension set to Emulator Mode
DiagnosticsPlugin.exe Information: 0 : [29-Aug-17 13:27:31] Reading XML configuration file
DiagnosticsPlugin.exe Information: 0 : [29-Aug-17 13:27:31] Bypassing private config decryption
DiagnosticsPlugin.exe Information: 0 : [29-Aug-17 13:27:31] WadCfg is provided in initial configuration. Using that to initialize Diagnostics.
DiagnosticsPlugin.exe Information: 0 : [29-Aug-17 13:27:31] <PublicConfig xmlns="http://schemas.microsoft.com/ServiceHosting/2010/10/DiagnosticsConfiguration">
  <WadCfg>
    <DiagnosticMonitorConfiguration overallQuotaInMB="4096" sinks="applicationInsights.errors">
      <DiagnosticInfrastructureLogs scheduledTransferLogLevelFilter="Error" />
      <Directories scheduledTransferPeriod="PT1M">
        <IISLogs containerName="wad-iis-logfiles" />
        <FailedRequestLogs containerName="wad-failedrequestlogs" />
      </Directories>
      <PerformanceCounters scheduledTransferPeriod="PT1M">
        <PerformanceCounterConfiguration counterSpecifier="\Memory\Available MBytes" sampleRate="PT3M" />
        <PerformanceCounterConfiguration counterSpecifier="\Web Service(_Total)\ISAPI Extension Requests/sec" sampleRate="PT3M" />
        <PerformanceCounterConfiguration counterSpecifier="\Web Service(_Total)\Bytes Total/Sec" sampleRate="PT3M" />
        <PerformanceCounterConfiguration counterSpecifier="\ASP.NET Applications(__Total__)\Requests/Sec" sampleRate="PT3M" />
        <PerformanceCounterConfiguration counterSpecifier="\ASP.NET Applications(__Total__)\Errors Total/Sec" sampleRate="PT3M" />
        <PerformanceCounterConfiguration counterSpecifier="\ASP.NET\Requests Queued" sampleRate="PT3M" />
        <PerformanceCounterConfiguration counterSpecifier="\ASP.NET\Requests Rejected" sampleRate="PT3M" />
        <PerformanceCounterConfiguration counterSpecifier="\Processor(_Total)\% Processor Time" sampleRate="PT3M" />
      </PerformanceCounters>
      <WindowsEventLog scheduledTransferPeriod="PT1M">
        <DataSource name="Application!*[System[(Level=1 or Level=2 or Level=3)]]" />
        <DataSource name="Windows Azure!*[System[(Level=1 or Level=2 or Level=3 or Level=4)]]" />
      </WindowsEventLog>
      <CrashDumps>
        <CrashDumpConfiguration processName="WaIISHost.exe" />
        <CrashDumpConfiguration processName="WaWorkerHost.exe" />
        <CrashDumpConfiguration processName="w3wp.exe" />
      </CrashDumps>
      <Logs scheduledTransferPeriod="PT1M" scheduledTransferLogLevelFilter="Error" />
    </DiagnosticMonitorConfiguration>
    <SinksConfig>
      <Sink name="applicationInsights">
        <ApplicationInsights>aca401b5-66ca-4877-983e-68ffe60652d7</ApplicationInsights>
        <Channels>
          <Channel logLevel="Error" name="errors" />
        </Channels>
      </Sink>
    </SinksConfig>
  </WadCfg>
  <StorageAccount>devstoreaccount1</StorageAccount>
</PublicConfig>
DiagnosticsPlugin.exe Information: 0 : [29-Aug-17 13:27:31] Private setting is loaded
DiagnosticsPlugin.exe Information: 0 : [29-Aug-17 13:27:31] Is config json/xml loaded
DiagnosticsPlugin.exe Information: 0 : [29-Aug-17 13:27:31] Checking if configuration needs to be fetched from the storage account and doing so if needed.
DiagnosticsPlugin.exe Information: 0 : [29-Aug-17 13:27:31] Successfully created checkpoint file C:\Users\v-vltosh\AppData\Local\dftmp\Resources\6ef4ed9b-d85a-4591-8f8e-ba8837159dce\WAD0105\Configuration\Checkpoint.txt
DiagnosticsPlugin.exe Information: 0 : [29-Aug-17 13:27:31] Will use local resource directory C:\Users\v-vltosh\AppData\Local\dftmp\Resources\6ef4ed9b-d85a-4591-8f8e-ba8837159dce\WAD0105
DiagnosticsPlugin.exe Information: 0 : [29-Aug-17 13:27:31] Will use endpoint https://core.windows.net for storage.
DiagnosticsPlugin.exe Information: 0 : [29-Aug-17 13:27:32] Exception in creating the ServerManager; is IIS installed?
 Error:System.UnauthorizedAccessException: Filename: redirection.config
Error: Cannot read configuration file due to insufficient permissions


   at Microsoft.Web.Administration.Interop.IAppHostAdminManager.GetAdminSection(String bstrSectionName, String bstrPath)
   at Microsoft.Web.Administration.Configuration.GetSectionInternal(ConfigurationSection section, String sectionPath, String locationPath)
   at Microsoft.Web.Administration.ServerManager.SitesSectionCreator()
   at Microsoft.Web.Administration.Lazy.Initialize[T](T& target, CreateInstanceDelegate`1 valueFactory)
   at Microsoft.Web.Administration.ServerManager.SitesCollectionCreator()
   at Microsoft.Web.Administration.Lazy.Initialize[T](T& target, CreateInstanceDelegate`1 valueFactory)
   at Microsoft.Azure.Plugins.Plugin.WadConfigProcessor.AddDirectories(EventsType mdsEvents, Directories wadDirectories)
DiagnosticsPlugin.exe Information: 0 : [29-Aug-17 13:27:32] Running in emulator mode, crash dumps not enabled
DiagnosticsPlugin.exe Information: 0 : [29-Aug-17 13:27:32] Checking to see if Application Insights extension needs to be configured.
DiagnosticsPlugin.exe Information: 0 : [29-Aug-17 13:27:32] Adding Application Insights extension to MA config
DiagnosticsPlugin.exe Information: 0 : [29-Aug-17 13:27:32] In emulator mode and using devstore updating XStoreAccount info, command line args: -LocalPath "C:\Users\v-vltosh\AppData\Local\dftmp\Resources\6ef4ed9b-d85a-4591-8f8e-ba8837159dce\WAD0105"  -ConfigFile "C:\Users\v-vltosh\AppData\Local\dftmp\Resources\6ef4ed9b-d85a-4591-8f8e-ba8837159dce\WAD0105\Configuration\MaConfig.xml" -ShutDownEvent WADDM-ShutDown-4feeca845b44449fa0cb1406b1b316da  -TotalShutDownEvent WADDM-TotalShutDown-4feeca845b44449fa0cb1406b1b316da -InitializedEvent WADM-StartUp-4feeca845b44449fa0cb1406b1b316da -parent 16912 -events -wadVer1v5 -UseProxyServer -XStoreAccounts WadAccount#true#devstoreaccount1#Eby8vdM02xNOcqFlqUwJPLlmEtlCDXJ1OUzFT50uSRZ6IFsuFq2UVErCz4I6tq/K1SZFPTOtr/KBHBeksoGMGw==#http://127.0.0.1:10002#http://127.0.0.1:10001#http://127.0.0.1:10000
DiagnosticsPlugin.exe Error: 0 : [29-Aug-17 13:28:02] Microsoft.Cis.Monitoring.Query.QueryException: ErrorFail
   at Microsoft.Cis.Monitoring.Query.QueryLocalTable..ctor(String TableName, String TablePath)
   at ApplicationInsightsExtension.MATableReader.ReadTableRecords(String tableName, String tablePath, DateTime startTime, DateTime endTime)
   at Microsoft.Azure.Plugins.Diagnostics.dll.MAStatusWriter.UpdateStatusReport(Object sender, ElapsedEventArgs e)
DiagnosticsPlugin.exe Information: 0 : [29-Aug-17 13:28:32] MonAgentHost.exe started
DiagnosticsPlugin.exe Information: 0 : [29-Aug-17 13:28:32] DiagnoticsPlugin started.
DiagnosticsPlugin.exe Information: 0 : [29-Aug-17 13:28:32] DiagnoticsPlugin now waiting on events "DiagnosticPlugin-ShutdownEvent", "DiagnosticPlugin-TotalShutdownEvent" or "DiagnosticPlugin-RestartEvent".
DiagnosticsPlugin.exe Error: 0 : [29-Aug-17 13:28:32] Microsoft.Cis.Monitoring.Query.QueryException: ErrorFail
   at Microsoft.Cis.Monitoring.Query.QueryLocalTable..ctor(String TableName, String TablePath)
   at ApplicationInsightsExtension.MATableReader.ReadTableRecords(String tableName, String tablePath, DateTime startTime, DateTime endTime)
   at Microsoft.Azure.Plugins.Diagnostics.dll.MAStatusWriter.UpdateStatusReport(Object sender, ElapsedEventArgs e)
